<?xml version="1.0" encoding="UTF-8"?>
<!-- Generated by org.testng.reporters.JUnitReportReporter -->
<testsuite hostname="DESKTOP-LEDVHGH" failures="0" tests="1" name="testCases.TC001_AccountRegistrationTest" time="3.057" errors="0" timestamp="2025-04-19T19:21:27 IST" skipped="0">
  <testcase classname="testCases.TC001_AccountRegistrationTest" name="verify_account_registration" time="3.057"/>
</testsuite> <!-- testCases.TC001_AccountRegistrationTest -->
